<?xml version="1.0" encoding="UTF-8"?>
<!-- Generated by org.testng.reporters.JUnitReportReporter -->
<testsuite hostname="Nur" failures="0" tests="2" name="testng2.GoogleHome" time="7.376" errors="0" timestamp="2024-05-19T12:44:29 EDT" skipped="0">
  <testcase classname="testng2.GoogleHome" name="execute_test2" time="3.539"/>
  <testcase classname="testng2.GoogleHome" name="execute_test" time="3.837"/>
</testsuite> <!-- testng2.GoogleHome -->
